<?xml version="1.0" encoding="UTF-8"?>
<!-- Generated by org.testng.reporters.JUnitReportReporter -->
<testsuite skipped="0" hostname="lenovo-PC" name="com.crm.qa.testcases.DealsPageTest" tests="4" failures="0" timestamp="27 Sep 2018 18:24:35 GMT" time="74.765" errors="0">
  <testcase name="verifyCreateDeal" time="18.054" classname="com.crm.qa.testcases.DealsPageTest"/>
  <testcase name="verifyCreateDeal" time="20.022" classname="com.crm.qa.testcases.DealsPageTest"/>
  <testcase name="verifyCreateDeal" time="19.994" classname="com.crm.qa.testcases.DealsPageTest"/>
  <testcase name="verifyCreateDeal" time="16.695" classname="com.crm.qa.testcases.DealsPageTest"/>
</testsuite> <!-- com.crm.qa.testcases.DealsPageTest -->
