<?xml version="1.0" encoding="UTF-8"?>
<!-- Generated by org.testng.reporters.JUnitReportReporter -->
<testsuite skipped="0" hostname="lenovo-PC" name="com.crm.qa.testcases.ContactsPageTest" tests="5" failures="0" timestamp="29 Sep 2018 19:39:54 GMT" time="137.454" errors="0">
  <testcase name="verifyNewContact" time="47.132" classname="com.crm.qa.testcases.ContactsPageTest"/>
  <testcase name="verifyNewContact" time="19.009" classname="com.crm.qa.testcases.ContactsPageTest"/>
  <testcase name="verifyNewContact" time="19.804" classname="com.crm.qa.testcases.ContactsPageTest"/>
  <testcase name="verifyNewContact" time="29.312" classname="com.crm.qa.testcases.ContactsPageTest"/>
  <testcase name="verifyNewContact" time="22.197" classname="com.crm.qa.testcases.ContactsPageTest"/>
</testsuite> <!-- com.crm.qa.testcases.ContactsPageTest -->
